<?xml version="1.0" encoding="windows-1252" standalone="no"?>
<!DOCTYPE log SYSTEM "logger.dtd">
<log>
<record>
  <date>2015-04-17T23:15:46</date>
  <millis>1429305346862</millis>
  <sequence>0</sequence>
  <logger>ESPlorer.ESPlorer</logger>
  <level>INFO</level>
  <class>ESPlorer.ESPlorer</class>
  <method>log</method>
  <thread>15</thread>
  <message>Load saved settings...</message>
</record>
<record>
  <date>2015-04-17T23:15:48</date>
  <millis>1429305348813</millis>
  <sequence>1</sequence>
  <logger>ESPlorer.ESPlorer</logger>
  <level>INFO</level>
  <class>ESPlorer.ESPlorer</class>
  <method>log</method>
  <thread>15</thread>
  <message>Set new color theme: Success.</message>
</record>
<record>
  <date>2015-04-17T23:15:48</date>
  <millis>1429305348822</millis>
  <sequence>2</sequence>
  <logger>ESPlorer.ESPlorer</logger>
  <level>INFO</level>
  <class>ESPlorer.ESPlorer</class>
  <method>log</method>
  <thread>15</thread>
  <message>Load saved settings: DONE.</message>
</record>
<record>
  <date>2015-04-17T23:15:48</date>
  <millis>1429305348826</millis>
  <sequence>3</sequence>
  <logger>ESPlorer.ESPlorer</logger>
  <level>INFO</level>
  <class>ESPlorer.ESPlorer</class>
  <method>log</method>
  <thread>15</thread>
  <message>Snippets (LUA): loading...</message>
</record>
<record>
  <date>2015-04-17T23:15:48</date>
  <millis>1429305348858</millis>
  <sequence>4</sequence>
  <logger>ESPlorer.ESPlorer</logger>
  <level>INFO</level>
  <class>ESPlorer.ESPlorer</class>
  <method>log</method>
  <thread>15</thread>
  <message>Snippets (LUA) load: Success.</message>
</record>
<record>
  <date>2015-04-17T23:15:49</date>
  <millis>1429305349784</millis>
  <sequence>5</sequence>
  <logger>ESPlorer.ESPlorer</logger>
  <level>INFO</level>
  <class>ESPlorer.ESPlorer</class>
  <method>log</method>
  <thread>15</thread>
  <message>Scan system...</message>
</record>
<record>
  <date>2015-04-17T23:15:49</date>
  <millis>1429305349951</millis>
  <sequence>6</sequence>
  <logger>ESPlorer.ESPlorer</logger>
  <level>INFO</level>
  <class>ESPlorer.ESPlorer</class>
  <method>log</method>
  <thread>15</thread>
  <message>found COM2</message>
</record>
<record>
  <date>2015-04-17T23:15:49</date>
  <millis>1429305349955</millis>
  <sequence>7</sequence>
  <logger>ESPlorer.ESPlorer</logger>
  <level>INFO</level>
  <class>ESPlorer.ESPlorer</class>
  <method>log</method>
  <thread>15</thread>
  <message>found COM3</message>
</record>
<record>
  <date>2015-04-17T23:15:49</date>
  <millis>1429305349961</millis>
  <sequence>8</sequence>
  <logger>ESPlorer.ESPlorer</logger>
  <level>INFO</level>
  <class>ESPlorer.ESPlorer</class>
  <method>log</method>
  <thread>15</thread>
  <message>found last saved serial port COM4</message>
</record>
<record>
  <date>2015-04-17T23:15:49</date>
  <millis>1429305349963</millis>
  <sequence>9</sequence>
  <logger>ESPlorer.ESPlorer</logger>
  <level>INFO</level>
  <class>ESPlorer.ESPlorer</class>
  <method>log</method>
  <thread>15</thread>
  <message>found COM5</message>
</record>
<record>
  <date>2015-04-17T23:15:49</date>
  <millis>1429305349966</millis>
  <sequence>10</sequence>
  <logger>ESPlorer.ESPlorer</logger>
  <level>INFO</level>
  <class>ESPlorer.ESPlorer</class>
  <method>log</method>
  <thread>15</thread>
  <message>found COM6</message>
</record>
<record>
  <date>2015-04-17T23:15:49</date>
  <millis>1429305349968</millis>
  <sequence>11</sequence>
  <logger>ESPlorer.ESPlorer</logger>
  <level>INFO</level>
  <class>ESPlorer.ESPlorer</class>
  <method>log</method>
  <thread>15</thread>
  <message>found COM10</message>
</record>
<record>
  <date>2015-04-17T23:15:49</date>
  <millis>1429305349972</millis>
  <sequence>12</sequence>
  <logger>ESPlorer.ESPlorer</logger>
  <level>INFO</level>
  <class>ESPlorer.ESPlorer</class>
  <method>log</method>
  <thread>15</thread>
  <message>found COM11</message>
</record>
<record>
  <date>2015-04-17T23:15:49</date>
  <millis>1429305349980</millis>
  <sequence>13</sequence>
  <logger>ESPlorer.ESPlorer</logger>
  <level>INFO</level>
  <class>ESPlorer.ESPlorer</class>
  <method>log</method>
  <thread>15</thread>
  <message>Scan done.</message>
</record>
